{"name": "the user should be able to switch to frame page", "status": "broken", "statusDetails": {"message": "selenium.common.exceptions.ElementNotInteractableException: Message: element not interactable\n  (Session info: chrome=96.0.4664.110)\nStacktrace:\nBacktrace:\n\tOrdinal0 [0x00E76903+2517251]\n\tOrdinal0 [0x00E0F8E1+2095329]\n\tOrdinal0 [0x00D12710+1058576]\n\tOrdinal0 [0x00D38993+1214867]\n\tOrdinal0 [0x00D380DF+1212639]\n\tOrdinal0 [0x00D564D3+1336531]\n\tOrdinal0 [0x00D33A36+1194550]\n\tOrdinal0 [0x00D565BA+1336762]\n\tOrdinal0 [0x00D65BBF+1399743]\n\tOrdinal0 [0x00D5639B+1336219]\n\tOrdinal0 [0x00D327A7+1189799]\n\tOrdinal0 [0x00D33609+1193481]\n\tGetHandleVerifier [0x01005904+1577972]\n\tGetHandleVerifier [0x010B0B97+2279047]\n\tGetHandleVerifier [0x00F06D09+534521]\n\tGetHandleVerifier [0x00F05DB9+530601]\n\tOrdinal0 [0x00E14FF9+2117625]\n\tOrdinal0 [0x00E198A8+2136232]\n\tOrdinal0 [0x00E199E2+2136546]\n\tOrdinal0 [0x00E23541+2176321]\n\tBaseThreadInitThunk [0x75D9FA29+25]\n\tRtlGetAppContainerNamedObjectPath [0x775C7A9E+286]\n\tRtlGetAppContainerNamedObjectPath [0x775C7A6E+238]\n\n", "trace": "  File \"C:\\Users\\Ulisses.Dasilva\\AppData\\Local\\Programs\\Python\\Python310\\lib\\site-packages\\behave\\model.py\", line 1329, in run\n    match.run(runner.context)\n  File \"C:\\Users\\Ulisses.Dasilva\\AppData\\Local\\Programs\\Python\\Python310\\lib\\site-packages\\behave\\matchers.py\", line 98, in run\n    self.func(context, *args, **kwargs)\n  File \"testCases\\selenium\\steps\\TC007_switch_to_frame.py\", line 27, in step_impl\n    context.driver.find_element_by_xpath(\"//*[@id='search']\").send_keys(\"python\")\n  File \"C:\\Users\\Ulisses.Dasilva\\AppData\\Local\\Programs\\Python\\Python310\\lib\\site-packages\\selenium\\webdriver\\remote\\webelement.py\", line 540, in send_keys\n    self._execute(Command.SEND_KEYS_TO_ELEMENT,\n  File \"C:\\Users\\Ulisses.Dasilva\\AppData\\Local\\Programs\\Python\\Python310\\lib\\site-packages\\selenium\\webdriver\\remote\\webelement.py\", line 710, in _execute\n    return self._parent.execute(command, params)\n  File \"C:\\Users\\Ulisses.Dasilva\\AppData\\Local\\Programs\\Python\\Python310\\lib\\site-packages\\selenium\\webdriver\\remote\\webdriver.py\", line 424, in execute\n    self.error_handler.check_response(response)\n  File \"C:\\Users\\Ulisses.Dasilva\\AppData\\Local\\Programs\\Python\\Python310\\lib\\site-packages\\selenium\\webdriver\\remote\\errorhandler.py\", line 247, in check_response\n    raise exception_class(message, screen, stacktrace)\n"}, "steps": [{"name": "Given the user should navigate to switch frame home page", "status": "passed", "start": 1641567504455, "stop": 1641567511588}, {"name": "When the user switch to frame  page", "status": "broken", "statusDetails": {"message": "selenium.common.exceptions.ElementNotInteractableException: Message: element not interactable\n  (Session info: chrome=96.0.4664.110)\nStacktrace:\nBacktrace:\n\tOrdinal0 [0x00E76903+2517251]\n\tOrdinal0 [0x00E0F8E1+2095329]\n\tOrdinal0 [0x00D12710+1058576]\n\tOrdinal0 [0x00D38993+1214867]\n\tOrdinal0 [0x00D380DF+1212639]\n\tOrdinal0 [0x00D564D3+1336531]\n\tOrdinal0 [0x00D33A36+1194550]\n\tOrdinal0 [0x00D565BA+1336762]\n\tOrdinal0 [0x00D65BBF+1399743]\n\tOrdinal0 [0x00D5639B+1336219]\n\tOrdinal0 [0x00D327A7+1189799]\n\tOrdinal0 [0x00D33609+1193481]\n\tGetHandleVerifier [0x01005904+1577972]\n\tGetHandleVerifier [0x010B0B97+2279047]\n\tGetHandleVerifier [0x00F06D09+534521]\n\tGetHandleVerifier [0x00F05DB9+530601]\n\tOrdinal0 [0x00E14FF9+2117625]\n\tOrdinal0 [0x00E198A8+2136232]\n\tOrdinal0 [0x00E199E2+2136546]\n\tOrdinal0 [0x00E23541+2176321]\n\tBaseThreadInitThunk [0x75D9FA29+25]\n\tRtlGetAppContainerNamedObjectPath [0x775C7A9E+286]\n\tRtlGetAppContainerNamedObjectPath [0x775C7A6E+238]\n\n", "trace": "  File \"C:\\Users\\Ulisses.Dasilva\\AppData\\Local\\Programs\\Python\\Python310\\lib\\site-packages\\behave\\model.py\", line 1329, in run\n    match.run(runner.context)\n  File \"C:\\Users\\Ulisses.Dasilva\\AppData\\Local\\Programs\\Python\\Python310\\lib\\site-packages\\behave\\matchers.py\", line 98, in run\n    self.func(context, *args, **kwargs)\n  File \"testCases\\selenium\\steps\\TC007_switch_to_frame.py\", line 27, in step_impl\n    context.driver.find_element_by_xpath(\"//*[@id='search']\").send_keys(\"python\")\n  File \"C:\\Users\\Ulisses.Dasilva\\AppData\\Local\\Programs\\Python\\Python310\\lib\\site-packages\\selenium\\webdriver\\remote\\webelement.py\", line 540, in send_keys\n    self._execute(Command.SEND_KEYS_TO_ELEMENT,\n  File \"C:\\Users\\Ulisses.Dasilva\\AppData\\Local\\Programs\\Python\\Python310\\lib\\site-packages\\selenium\\webdriver\\remote\\webelement.py\", line 710, in _execute\n    return self._parent.execute(command, params)\n  File \"C:\\Users\\Ulisses.Dasilva\\AppData\\Local\\Programs\\Python\\Python310\\lib\\site-packages\\selenium\\webdriver\\remote\\webdriver.py\", line 424, in execute\n    self.error_handler.check_response(response)\n  File \"C:\\Users\\Ulisses.Dasilva\\AppData\\Local\\Programs\\Python\\Python310\\lib\\site-packages\\selenium\\webdriver\\remote\\errorhandler.py\", line 247, in check_response\n    raise exception_class(message, screen, stacktrace)\n"}, "start": 1641567511588, "stop": 1641567513719}, {"name": "Then the user should be able to verify the switch to frame page.", "status": "skipped", "start": 1641567513721, "stop": 1641567513721}], "start": 1641567504452, "stop": 1641567513721, "uuid": "428d7350-7b8c-426d-8f59-e52e12fa8bd3", "historyId": "937671073030ceb7cd566fa3071882e6", "fullName": "the user would like to switch to frame page: the user should be able to switch to frame page", "labels": [{"name": "severity", "value": "normal"}, {"name": "feature", "value": "the user would like to switch to frame page"}, {"name": "framework", "value": "behave"}, {"name": "language", "value": "cpython3"}]}